<?xml version="1.0" encoding="UTF-8"?>
<!-- Generated by org.testng.reporters.JUnitReportReporter -->
<testsuite hostname="Hareesh" failures="0" tests="1" name="practies_GetAPI.practies_getAPI" time="0.512" errors="0" timestamp="10 Mar 2021 12:08:26 GMT">
  <testcase classname="practies_GetAPI.practies_getAPI" name="getAPITestwithoutHeader" time="0.512"/>
</testsuite> <!-- practies_GetAPI.practies_getAPI -->
